# JRE version: Java(TM) SE Runtime Environment (8.0_191-b12) (build 1.8.0_191-b12)
# Java VM: Java HotSpot(TM) Client VM (25.191-b12 mixed mode windows-x86 )
Heap:
 def new generation   total 157248K, used 157247K [0x04a00000, 0x0f4a0000, 0x0f4a0000)
  eden space 139776K, 100% used [0x04a00000, 0x0d280000, 0x0d280000)
  from space 17472K,  99% used [0x0e390000, 0x0f49fff0, 0x0f4a0000)
  to   space 17472K,   0% used [0x0d280000, 0x0d280000, 0x0e390000)
 tenured generation   total 349568K, used 349567K [0x0f4a0000, 0x24a00000, 0x24a00000)
   the space 349568K,  99% used [0x0f4a0000, 0x249fffb8, 0x24a00000, 0x24a00000)
 Metaspace       used 25750K, capacity 26396K, committed 26752K, reserved 27008K
GC Heap History (10 events):
Event: 1370.040 GC heap before
{Heap before GC invocations=2241 (full 1149):
 def new generation   total 157248K, used 157247K [0x04a00000, 0x0f4a0000, 0x0f4a0000)
  eden space 139776K, 100% used [0x04a00000, 0x0d280000, 0x0d280000)
  from space 17472K,  99% used [0x0e390000, 0x0f49ff70, 0x0f4a0000)
  to   space 17472K,   0% used [0x0d280000, 0x0d280000, 0x0e390000)
 tenured generation   total 349568K, used 349567K [0x0f4a0000, 0x24a00000, 0x24a00000)
   the space 349568K,  99% used [0x0f4a0000, 0x249fffe8, 0x24a00000, 0x24a00000)
 Metaspace       used 25750K, capacity 26396K, committed 26752K, reserved 27008K
Event: 1370.446 GC heap after
Heap after GC invocations=2242 (full 1150):
 def new generation   total 157248K, used 157236K [0x04a00000, 0x0f4a0000, 0x0f4a0000)
  eden space 139776K,  99% used [0x04a00000, 0x0d27fd38, 0x0d280000)
  from space 17472K,  99% used [0x0e390000, 0x0f49d450, 0x0f4a0000)
  to   space 17472K,   0% used [0x0d280000, 0x0d280000, 0x0e390000)
 tenured generation   total 349568K, used 349567K [0x0f4a0000, 0x24a00000, 0x24a00000)
   the space 349568K,  99% used [0x0f4a0000, 0x249fffe8, 0x24a00000, 0x24a00000)
 Metaspace       used 25750K, capacity 26396K, committed 26752K, reserved 27008K
}
Event: 1370.447 GC heap before
{Heap before GC invocations=2242 (full 1150):
 def new generation   total 157248K, used 157247K [0x04a00000, 0x0f4a0000, 0x0f4a0000)
  eden space 139776K, 100% used [0x04a00000, 0x0d280000, 0x0d280000)
  from space 17472K,  99% used [0x0e390000, 0x0f49ffe0, 0x0f4a0000)
  to   space 17472K,   0% used [0x0d280000, 0x0d280000, 0x0e390000)
 tenured generation   total 349568K, used 349567K [0x0f4a0000, 0x24a00000, 0x24a00000)
   the space 349568K,  99% used [0x0f4a0000, 0x249fffe8, 0x24a00000, 0x24a00000)
 Metaspace       used 25750K, capacity 26396K, committed 26752K, reserved 27008K
Event: 1370.846 GC heap after
Heap after GC invocations=2243 (full 1151):
 def new generation   total 157248K, used 157240K [0x04a00000, 0x0f4a0000, 0x0f4a0000)
  eden space 139776K,  99% used [0x04a00000, 0x0d27fdb8, 0x0d280000)
  from space 17472K,  99% used [0x0e390000, 0x0f49e498, 0x0f4a0000)
  to   space 17472K,   0% used [0x0d280000, 0x0d280000, 0x0e390000)
 tenured generation   total 349568K, used 349567K [0x0f4a0000, 0x24a00000, 0x24a00000)
   the space 349568K,  99% used [0x0f4a0000, 0x249fffe8, 0x24a00000, 0x24a00000)
 Metaspace       used 25750K, capacity 26396K, committed 26752K, reserved 27008K
}
Event: 1370.846 GC heap before
{Heap before GC invocations=2243 (full 1151):
 def new generation   total 157248K, used 157247K [0x04a00000, 0x0f4a0000, 0x0f4a0000)
  eden space 139776K, 100% used [0x04a00000, 0x0d280000, 0x0d280000)
  from space 17472K,  99% used [0x0e390000, 0x0f49fe00, 0x0f4a0000)
  to   space 17472K,   0% used [0x0d280000, 0x0d280000, 0x0e390000)
 tenured generation   total 349568K, used 349567K [0x0f4a0000, 0x24a00000, 0x24a00000)
   the space 349568K,  99% used [0x0f4a0000, 0x249fffe8, 0x24a00000, 0x24a00000)
 Metaspace       used 25750K, capacity 26396K, committed 26752K, reserved 27008K
Event: 1371.345 GC heap after
Heap after GC invocations=2244 (full 1152):
 def new generation   total 157248K, used 157242K [0x04a00000, 0x0f4a0000, 0x0f4a0000)
  eden space 139776K,  99% used [0x04a00000, 0x0d27feb8, 0x0d280000)
  from space 17472K,  99% used [0x0e390000, 0x0f49ea68, 0x0f4a0000)
  to   space 17472K,   0% used [0x0d280000, 0x0d280000, 0x0e390000)
 tenured generation   total 349568K, used 349567K [0x0f4a0000, 0x24a00000, 0x24a00000)
   the space 349568K,  99% used [0x0f4a0000, 0x249fff18, 0x24a00000, 0x24a00000)
 Metaspace       used 25750K, capacity 26396K, committed 26752K, reserved 27008K
}
Event: 1371.345 GC heap before
{Heap before GC invocations=2244 (full 1152):
 def new generation   total 157248K, used 157244K [0x04a00000, 0x0f4a0000, 0x0f4a0000)
  eden space 139776K, 100% used [0x04a00000, 0x0d280000, 0x0d280000)
  from space 17472K,  99% used [0x0e390000, 0x0f49f068, 0x0f4a0000)
  to   space 17472K,   0% used [0x0d280000, 0x0d280000, 0x0e390000)
 tenured generation   total 349568K, used 349567K [0x0f4a0000, 0x24a00000, 0x24a00000)
   the space 349568K,  99% used [0x0f4a0000, 0x249fff18, 0x24a00000, 0x24a00000)
 Metaspace       used 25750K, capacity 26396K, committed 26752K, reserved 27008K
Event: 1371.747 GC heap after
Heap after GC invocations=2245 (full 1153):
 def new generation   total 157248K, used 157243K [0x04a00000, 0x0f4a0000, 0x0f4a0000)
  eden space 139776K,  99% used [0x04a00000, 0x0d27ffa8, 0x0d280000)
  from space 17472K,  99% used [0x0e390000, 0x0f49f050, 0x0f4a0000)
  to   space 17472K,   0% used [0x0d280000, 0x0d280000, 0x0e390000)
 tenured generation   total 349568K, used 349567K [0x0f4a0000, 0x24a00000, 0x24a00000)
   the space 349568K,  99% used [0x0f4a0000, 0x249fff18, 0x24a00000, 0x24a00000)
 Metaspace       used 25750K, capacity 26396K, committed 26752K, reserved 27008K
}
Event: 1371.747 GC heap before
{Heap before GC invocations=2245 (full 1153):
 def new generation   total 157248K, used 157243K [0x04a00000, 0x0f4a0000, 0x0f4a0000)
  eden space 139776K,  99% used [0x04a00000, 0x0d27ffa8, 0x0d280000)
  from space 17472K,  99% used [0x0e390000, 0x0f49f050, 0x0f4a0000)
  to   space 17472K,   0% used [0x0d280000, 0x0d280000, 0x0e390000)
 tenured generation   total 349568K, used 349567K [0x0f4a0000, 0x24a00000, 0x24a00000)
   the space 349568K,  99% used [0x0f4a0000, 0x249fff18, 0x24a00000, 0x24a00000)
 Metaspace       used 25750K, capacity 26396K, committed 26752K, reserved 27008K
Event: 1372.158 GC heap after
Heap after GC invocations=2246 (full 1154):
 def new generation   total 157248K, used 157243K [0x04a00000, 0x0f4a0000, 0x0f4a0000)
  eden space 139776K,  99% used [0x04a00000, 0x0d27ffa8, 0x0d280000)
  from space 17472K,  99% used [0x0e390000, 0x0f49f050, 0x0f4a0000)
  to   space 17472K,   0% used [0x0d280000, 0x0d280000, 0x0e390000)
 tenured generation   total 349568K, used 349567K [0x0f4a0000, 0x24a00000, 0x24a00000)
   the space 349568K,  99% used [0x0f4a0000, 0x249fff18, 0x24a00000, 0x24a00000)
 Metaspace       used 25750K, capacity 26396K, committed 26752K, reserved 27008K
}

